<?xml version="1.0" encoding="UTF-8"?>
<!-- Generated by org.testng.reporters.JUnitXMLReporter -->
<testsuite ignored="2" hostname="IE1FLT6Y3G5Y2" failures="0" tests="2" name="Test" time="117.679" errors="0" timestamp="2022-08-29T22:44:59 IST">
  <testcase classname="testcases.LoginTest" name="LoginSuccesstest" time="21.225"/>
  <testcase classname="testcases.Purchaseorder" name="purhcasemedicines" time="56.754"/>
  <testcase classname="testcases.Baseclass" name="@BeforeTest datasetup" time="0.0">
    <ignored/>
  </testcase> <!-- @BeforeTest datasetup -->
  <testcase classname="testcases.Baseclass" name="@AfterTest DataTearDown" time="0.0">
    <ignored/>
  </testcase> <!-- @AfterTest DataTearDown -->
</testsuite> <!-- Test -->
