<?xml version="1.0" encoding="UTF-8"?>
<testng-results ignored="2" total="4" passed="2" failed="0" skipped="0">
  <reporter-output>
  </reporter-output>
  <suite started-at="2022-08-29T22:43:02 IST" name="Suite" finished-at="2022-08-29T22:44:59 IST" duration-ms="117679">
    <groups>
    </groups>
    <test started-at="2022-08-29T22:43:02 IST" name="Test" finished-at="2022-08-29T22:44:59 IST" duration-ms="117679">
      <class name="testcases.LoginTest">
        <test-method is-config="true" signature="datasetup()[pri:0, instance:testcases.LoginTest@22e357dc]" started-at="2022-08-29T22:43:02 IST" name="datasetup" finished-at="2022-08-29T22:43:02 IST" duration-ms="134" status="PASS">
          <reporter-output>
          </reporter-output>
        </test-method> <!-- datasetup -->
        <test-method is-config="true" signature="setup(java.lang.reflect.Method)[pri:0, instance:testcases.LoginTest@22e357dc]" started-at="2022-08-29T22:43:02 IST" name="setup" finished-at="2022-08-29T22:43:21 IST" duration-ms="19218" status="PASS">
          <params>
            <param index="0">
              <value>
                <![CDATA[public void testcases.LoginTest.LoginSuccesstest() throws java.lang.InterruptedException]]>
              </value>
            </param>
          </params>
          <reporter-output>
          </reporter-output>
        </test-method> <!-- setup -->
        <test-method signature="LoginSuccesstest()[pri:0, instance:testcases.LoginTest@22e357dc]" started-at="2022-08-29T22:43:21 IST" name="LoginSuccesstest" finished-at="2022-08-29T22:43:42 IST" duration-ms="21225" status="PASS">
          <reporter-output>
          </reporter-output>
        </test-method> <!-- LoginSuccesstest -->
        <test-method is-config="true" signature="teardown()[pri:0, instance:testcases.LoginTest@22e357dc]" started-at="2022-08-29T22:43:42 IST" name="teardown" finished-at="2022-08-29T22:43:43 IST" duration-ms="1169" status="PASS">
          <reporter-output>
          </reporter-output>
        </test-method> <!-- teardown -->
        <test-method is-config="true" signature="DataTearDown()[pri:0, instance:testcases.LoginTest@22e357dc]" started-at="2022-08-29T22:44:59 IST" name="DataTearDown" finished-at="2022-08-29T22:44:59 IST" duration-ms="242" status="PASS">
          <reporter-output>
          </reporter-output>
        </test-method> <!-- DataTearDown -->
      </class> <!-- testcases.LoginTest -->
      <class name="testcases.Purchaseorder">
        <test-method is-config="true" signature="setup(java.lang.reflect.Method)[pri:0, instance:testcases.Purchaseorder@6a84a97d]" started-at="2022-08-29T22:43:43 IST" name="setup" finished-at="2022-08-29T22:44:02 IST" duration-ms="18256" status="PASS">
          <params>
            <param index="0">
              <value>
                <![CDATA[public void testcases.Purchaseorder.purhcasemedicines() throws java.lang.InterruptedException]]>
              </value>
            </param>
          </params>
          <reporter-output>
          </reporter-output>
        </test-method> <!-- setup -->
        <test-method signature="purhcasemedicines()[pri:0, instance:testcases.Purchaseorder@6a84a97d]" started-at="2022-08-29T22:44:02 IST" name="purhcasemedicines" finished-at="2022-08-29T22:44:58 IST" duration-ms="56754" status="PASS">
          <reporter-output>
          </reporter-output>
        </test-method> <!-- purhcasemedicines -->
        <test-method is-config="true" signature="teardown()[pri:0, instance:testcases.Purchaseorder@6a84a97d]" started-at="2022-08-29T22:44:58 IST" name="teardown" finished-at="2022-08-29T22:44:59 IST" duration-ms="648" status="PASS">
          <reporter-output>
          </reporter-output>
        </test-method> <!-- teardown -->
      </class> <!-- testcases.Purchaseorder -->
    </test> <!-- Test -->
  </suite> <!-- Suite -->
</testng-results>
